<?xml version="1.0" encoding="UTF-8"?>
<testsuite xmlns:xsi="http://www.w3.org/2001/XMLSchema-instance" xsi:noNamespaceSchemaLocation="https://maven.apache.org/surefire/maven-surefire-plugin/xsd/surefire-test-report.xsd" version="3.0.2" name="com.br.femmcode.femmcode.FemmcodeApplicationTests" time="6.509" tests="1" errors="0" skipped="0" failures="0">
  <properties>
[...]
</properties>
  <testcase name="contextLoads" classname="com.br.femmcode.femmcode.FemmcodeApplicationTests" time="0.947">
    <system-out><![CDATA[22:58:11.035 [main] INFO org.springframework.test.context.support.AnnotationConfigContextLoaderUtils -- Could not detect default configuration classes for test class [com.br.femmcode.femmcode.FemmcodeApplicationTests]: FemmcodeApplicationTests does not declare any static, non-private, non-final, nested classes annotated with @Configuration.
22:58:11.204 [main] INFO org.springframework.boot.test.context.SpringBootTestContextBootstrapper -- Found @SpringBootConfiguration com.br.femmcode.femmcode.FemmcodeApplication for test class com.br.femmcode.femmcode.FemmcodeApplicationTests
22:58:11.448 [main] INFO org.springframework.boot.devtools.restart.RestartApplicationListener -- Restart disabled due to context in which it is running

  .   ____          _            __ _ _
 /\\ / ___'_ __ _ _(_)_ __  __ _ \ \ \ \
( ( )\___ | '_ | '_| | '_ \/ _` | \ \ \ \
 \\/  ___)| |_)| | | | | || (_| |  ) ) ) )
  '  |____| .__|_| |_|_| |_\__, | / / / /
 =========|_|==============|___/=/_/_/_/

 :: Spring Boot ::                (v3.4.5)

2025-12-03T22:58:11.929-03:00  INFO 4436 --- [femmcode] [           main] c.b.f.femmcode.FemmcodeApplicationTests  : Starting FemmcodeApplicationTests using Java 21.0.9 with PID 4436 (started by Kauane in C:\Users\Kauane\Desktop\StemGirls\stemgirls_back-end)
2025-12-03T22:58:11.933-03:00  INFO 4436 --- [femmcode] [           main] c.b.f.femmcode.FemmcodeApplicationTests  : No active profile set, falling back to 1 default profile: "default"
2025-12-03T22:58:13.147-03:00  INFO 4436 --- [femmcode] [           main] .s.d.r.c.RepositoryConfigurationDelegate : Bootstrapping Spring Data MongoDB repositories in DEFAULT mode.
2025-12-03T22:58:13.239-03:00  INFO 4436 --- [femmcode] [           main] .s.d.r.c.RepositoryConfigurationDelegate : Finished Spring Data repository scanning in 83 ms. Found 9 MongoDB repository interfaces.
2025-12-03T22:58:14.379-03:00  INFO 4436 --- [femmcode] [           main] org.mongodb.driver.client                : MongoClient with metadata {"driver": {"name": "mongo-java-driver|sync|spring-boot", "version": "5.2.1"}, "os": {"type": "Windows", "name": "Windows 10", "architecture": "amd64", "version": "10.0"}, "platform": "Java/Eclipse Adoptium/21.0.9+10-LTS"} created with settings MongoClientSettings{readPreference=primary, writeConcern=WriteConcern{w=null, wTimeout=null ms, journal=null}, retryWrites=true, retryReads=true, readConcern=ReadConcern{level=null}, credential=null, transportSettings=null, commandListeners=[], codecRegistry=ProvidersCodecRegistry{codecProviders=[ValueCodecProvider{}, BsonValueCodecProvider{}, DBRefCodecProvider{}, DBObjectCodecProvider{}, DocumentCodecProvider{}, CollectionCodecProvider{}, IterableCodecProvider{}, MapCodecProvider{}, GeoJsonCodecProvider{}, GridFSFileCodecProvider{}, Jsr310CodecProvider{}, JsonObjectCodecProvider{}, BsonCodecProvider{}, EnumCodecProvider{}, com.mongodb.client.model.mql.ExpressionCodecProvider@733fb462, com.mongodb.Jep395RecordCodecProvider@623e0631, com.mongodb.KotlinCodecProvider@359066bc]}, loggerSettings=LoggerSettings{maxDocumentLength=1000}, clusterSettings={hosts=[localhost:27017], srvServiceName=mongodb, mode=SINGLE, requiredClusterType=UNKNOWN, requiredReplicaSetName='null', serverSelector='null', clusterListeners='[]', serverSelectionTimeout='30000 ms', localThreshold='15 ms'}, socketSettings=SocketSettings{connectTimeoutMS=10000, readTimeoutMS=0, receiveBufferSize=0, proxySettings=ProxySettings{host=null, port=null, username=null, password=null}}, heartbeatSocketSettings=SocketSettings{connectTimeoutMS=10000, readTimeoutMS=10000, receiveBufferSize=0, proxySettings=ProxySettings{host=null, port=null, username=null, password=null}}, connectionPoolSettings=ConnectionPoolSettings{maxSize=100, minSize=0, maxWaitTimeMS=120000, maxConnectionLifeTimeMS=0, maxConnectionIdleTimeMS=0, maintenanceInitialDelayMS=0, maintenanceFrequencyMS=60000, connectionPoolListeners=[], maxConnecting=2}, serverSettings=ServerSettings{heartbeatFrequencyMS=10000, minHeartbeatFrequencyMS=500, serverMonitoringMode=AUTO, serverListeners='[]', serverMonitorListeners='[]'}, sslSettings=SslSettings{enabled=false, invalidHostNameAllowed=false, context=null}, applicationName='null', compressorList=[], uuidRepresentation=JAVA_LEGACY, serverApi=null, autoEncryptionSettings=null, dnsClient=null, inetAddressResolver=null, contextProvider=null, timeoutMS=null}
2025-12-03T22:58:14.465-03:00  INFO 4436 --- [femmcode] [localhost:27017] org.mongodb.driver.cluster               : Monitor thread successfully connected to server with description ServerDescription{address=localhost:27017, type=STANDALONE, cryptd=false, state=CONNECTED, ok=true, minWireVersion=0, maxWireVersion=17, maxDocumentSize=16777216, logicalSessionTimeoutMinutes=30, roundTripTimeNanos=67202800, minRoundTripTimeNanos=0}
2025-12-03T22:58:15.280-03:00  INFO 4436 --- [femmcode] [           main] eAuthenticationProviderManagerConfigurer : Global AuthenticationManager configured with AuthenticationProvider bean with name authenticationProvider
2025-12-03T22:58:15.281-03:00  WARN 4436 --- [femmcode] [           main] r$InitializeUserDetailsManagerConfigurer : Global AuthenticationManager configured with an AuthenticationProvider bean. UserDetailsService beans will not be used by Spring Security for automatically configuring username/password login. Consider removing the AuthenticationProvider bean. Alternatively, consider using the UserDetailsService in a manually instantiated DaoAuthenticationProvider. If the current configuration is intentional, to turn off this warning, increase the logging level of 'org.springframework.security.config.annotation.authentication.configuration.InitializeUserDetailsBeanManagerConfigurer' to ERROR
2025-12-03T22:58:16.187-03:00  INFO 4436 --- [femmcode] [           main] c.b.f.femmcode.FemmcodeApplicationTests  : Started FemmcodeApplicationTests in 4.759 seconds (process running for 6.054)
2025-12-03T22:58:16.239-03:00 DEBUG 4436 --- [femmcode] [           main] o.s.data.mongodb.core.MongoTemplate      : Executing count: { "email" : "talitinhacosta246@gmail.com"} in collection: usuarios
2025-12-03T22:58:16.355-03:00 DEBUG 4436 --- [femmcode] [           main] o.s.data.mongodb.core.MongoTemplate      : Executing count: { "email" : "martinskauane084@gmail.com"} in collection: usuarios
2025-12-03T22:58:16.358-03:00 DEBUG 4436 --- [femmcode] [           main] o.s.data.mongodb.core.MongoTemplate      : Executing count: { "email" : "anaclarafontinelescosta@gmail.com"} in collection: usuarios
2025-12-03T22:58:16.360-03:00 DEBUG 4436 --- [femmcode] [           main] o.s.data.mongodb.core.MongoTemplate      : Executing count: { "email" : "leticiaribeiros213@gmail.com"} in collection: usuarios
]]></system-out>
    <system-err><![CDATA[Mockito is currently self-attaching to enable the inline-mock-maker. This will no longer work in future releases of the JDK. Please add Mockito as an agent to your build what is described in Mockito's documentation: https://javadoc.io/doc/org.mockito/mockito-core/latest/org/mockito/Mockito.html#0.3
WARNING: A Java agent has been loaded dynamically (C:\Users\Kauane\.m2\repository\net\bytebuddy\byte-buddy-agent\1.15.11\byte-buddy-agent-1.15.11.jar)
WARNING: If a serviceability tool is in use, please run with -XX:+EnableDynamicAgentLoading to hide this warning
WARNING: If a serviceability tool is not in use, please run with -Djdk.instrument.traceUsage for more information
WARNING: Dynamic loading of agents will be disallowed by default in a future release
]]></system-err>
  </testcase>
</testsuite>